Started GET "/" for 127.0.0.1 at 2018-05-24 20:04:25 +0200
  [1m[35m (0.1ms)[0m  [1m[34mSELECT "schema_migrations"."version" FROM "schema_migrations" ORDER BY "schema_migrations"."version" ASC[0m
  ↳ /var/lib/gems/2.3.0/gems/activerecord-5.2.0/lib/active_record/log_subscriber.rb:98
Processing by JobsController#index as HTML
  Rendering jobs/index.html.erb within layouts/application
  [1m[36mJob Load (0.2ms)[0m  [1m[34mSELECT DISTINCT "jobs"."name" FROM "jobs"[0m
  ↳ app/views/jobs/index.html.erb:10
  Rendered jobs/index.html.erb within layouts/application (9.2ms)
Completed 200 OK in 164ms (Views: 155.9ms | ActiveRecord: 0.7ms)


Started GET "/" for 127.0.0.1 at 2018-05-24 20:13:03 +0200
Processing by JobsController#index as HTML
  Rendering jobs/index.html.erb within layouts/application
  [1m[36mJob Load (0.2ms)[0m  [1m[34mSELECT DISTINCT "jobs"."name" FROM "jobs"[0m
  ↳ app/views/jobs/index.html.erb:10
  Rendered jobs/index.html.erb within layouts/application (1.7ms)
Completed 200 OK in 13ms (Views: 12.1ms | ActiveRecord: 0.2ms)


Started GET "/" for 127.0.0.1 at 2018-05-24 20:13:24 +0200
Processing by JobsController#index as HTML
  Rendering jobs/index.html.erb within layouts/application
  [1m[36mJob Load (0.2ms)[0m  [1m[34mSELECT DISTINCT "jobs"."name" FROM "jobs"[0m
  ↳ app/views/jobs/index.html.erb:10
  Rendered jobs/index.html.erb within layouts/application (1.3ms)
Completed 200 OK in 14ms (Views: 12.8ms | ActiveRecord: 0.2ms)


Started GET "/" for 127.0.0.1 at 2018-05-24 20:14:29 +0200
Processing by JobsController#index as HTML
  Rendering jobs/index.html.erb within layouts/application
  [1m[36mJob Load (0.2ms)[0m  [1m[34mSELECT DISTINCT "jobs"."name" FROM "jobs"[0m
  ↳ app/views/jobs/index.html.erb:10
  Rendered jobs/index.html.erb within layouts/application (1.2ms)
Completed 200 OK in 14ms (Views: 12.8ms | ActiveRecord: 0.2ms)


